2020-12-01T23:31:03.046+0800 I CONTROL  [main] Automatically disabling TLS 1.0, to force-enable TLS 1.0 specify --sslDisabledProtocols 'none'
2020-12-01T23:31:03.064+0800 I CONTROL  [initandlisten] MongoDB starting : pid=5106 port=27017 dbpath=/data/db 64-bit host=elwinchen-MC1.local
2020-12-01T23:31:03.064+0800 I CONTROL  [initandlisten] db version v4.0.9
2020-12-01T23:31:03.064+0800 I CONTROL  [initandlisten] git version: fc525e2d9b0e4bceff5c2201457e564362909765
2020-12-01T23:31:03.064+0800 I CONTROL  [initandlisten] allocator: system
2020-12-01T23:31:03.064+0800 I CONTROL  [initandlisten] modules: none
2020-12-01T23:31:03.064+0800 I CONTROL  [initandlisten] build environment:
2020-12-01T23:31:03.064+0800 I CONTROL  [initandlisten]     distarch: x86_64
2020-12-01T23:31:03.064+0800 I CONTROL  [initandlisten]     target_arch: x86_64
2020-12-01T23:31:03.064+0800 I CONTROL  [initandlisten] options: {}
2020-12-01T23:31:03.065+0800 I STORAGE  [initandlisten] exception in initAndListen: IllegalOperation: Attempted to create a lock file on a read-only directory: /data/db, terminating
2020-12-01T23:31:03.065+0800 I NETWORK  [initandlisten] shutdown: going to close listening sockets...
2020-12-01T23:31:03.065+0800 I NETWORK  [initandlisten] removing socket file: /tmp/mongodb-27017.sock
2020-12-01T23:31:03.065+0800 I CONTROL  [initandlisten] now exiting
2020-12-01T23:31:03.065+0800 I CONTROL  [initandlisten] shutting down with code:100
2020-12-02T09:59:57.314+0800 I CONTROL  [main] Automatically disabling TLS 1.0, to force-enable TLS 1.0 specify --sslDisabledProtocols 'none'
2020-12-02T09:59:57.338+0800 I CONTROL  [initandlisten] MongoDB starting : pid=915 port=27017 dbpath=/data/db 64-bit host=elwinchen-MC1.local
2020-12-02T09:59:57.338+0800 I CONTROL  [initandlisten] db version v4.0.9
2020-12-02T09:59:57.338+0800 I CONTROL  [initandlisten] git version: fc525e2d9b0e4bceff5c2201457e564362909765
2020-12-02T09:59:57.338+0800 I CONTROL  [initandlisten] allocator: system
2020-12-02T09:59:57.338+0800 I CONTROL  [initandlisten] modules: none
2020-12-02T09:59:57.338+0800 I CONTROL  [initandlisten] build environment:
2020-12-02T09:59:57.338+0800 I CONTROL  [initandlisten]     distarch: x86_64
2020-12-02T09:59:57.338+0800 I CONTROL  [initandlisten]     target_arch: x86_64
2020-12-02T09:59:57.338+0800 I CONTROL  [initandlisten] options: {}
2020-12-02T09:59:57.339+0800 I STORAGE  [initandlisten] exception in initAndListen: IllegalOperation: Attempted to create a lock file on a read-only directory: /data/db, terminating
2020-12-02T09:59:57.339+0800 I NETWORK  [initandlisten] shutdown: going to close listening sockets...
2020-12-02T09:59:57.339+0800 I NETWORK  [initandlisten] removing socket file: /tmp/mongodb-27017.sock
2020-12-02T09:59:57.340+0800 I CONTROL  [initandlisten] now exiting
2020-12-02T09:59:57.340+0800 I CONTROL  [initandlisten] shutting down with code:100
2020-12-02T10:04:49.144+0800 I CONTROL  [main] Automatically disabling TLS 1.0, to force-enable TLS 1.0 specify --sslDisabledProtocols 'none'
2020-12-02T10:04:49.181+0800 I CONTROL  [initandlisten] MongoDB starting : pid=1064 port=27017 dbpath=/data/db 64-bit host=elwinchen-MC1.local
2020-12-02T10:04:49.182+0800 I CONTROL  [initandlisten] db version v4.0.9
2020-12-02T10:04:49.182+0800 I CONTROL  [initandlisten] git version: fc525e2d9b0e4bceff5c2201457e564362909765
2020-12-02T10:04:49.182+0800 I CONTROL  [initandlisten] allocator: system
2020-12-02T10:04:49.182+0800 I CONTROL  [initandlisten] modules: none
2020-12-02T10:04:49.182+0800 I CONTROL  [initandlisten] build environment:
2020-12-02T10:04:49.182+0800 I CONTROL  [initandlisten]     distarch: x86_64
2020-12-02T10:04:49.182+0800 I CONTROL  [initandlisten]     target_arch: x86_64
2020-12-02T10:04:49.183+0800 I CONTROL  [initandlisten] options: {}
2020-12-02T10:04:49.184+0800 I STORAGE  [initandlisten] exception in initAndListen: IllegalOperation: Attempted to create a lock file on a read-only directory: /data/db, terminating
2020-12-02T10:04:49.184+0800 I NETWORK  [initandlisten] shutdown: going to close listening sockets...
2020-12-02T10:04:49.184+0800 I NETWORK  [initandlisten] removing socket file: /tmp/mongodb-27017.sock
2020-12-02T10:04:49.184+0800 I CONTROL  [initandlisten] now exiting
2020-12-02T10:04:49.184+0800 I CONTROL  [initandlisten] shutting down with code:100
2020-12-02T10:05:21.186+0800 I CONTROL  [main] Automatically disabling TLS 1.0, to force-enable TLS 1.0 specify --sslDisabledProtocols 'none'
2020-12-02T10:05:21.266+0800 I CONTROL  [initandlisten] MongoDB starting : pid=1123 port=27017 dbpath=/data/db 64-bit host=elwinchen-MC1.local
2020-12-02T10:05:21.266+0800 I CONTROL  [initandlisten] db version v4.0.9
2020-12-02T10:05:21.266+0800 I CONTROL  [initandlisten] git version: fc525e2d9b0e4bceff5c2201457e564362909765
2020-12-02T10:05:21.266+0800 I CONTROL  [initandlisten] allocator: system
2020-12-02T10:05:21.266+0800 I CONTROL  [initandlisten] modules: none
2020-12-02T10:05:21.266+0800 I CONTROL  [initandlisten] build environment:
2020-12-02T10:05:21.266+0800 I CONTROL  [initandlisten]     distarch: x86_64
2020-12-02T10:05:21.267+0800 I CONTROL  [initandlisten]     target_arch: x86_64
2020-12-02T10:05:21.267+0800 I CONTROL  [initandlisten] options: {}
2020-12-02T10:05:21.273+0800 I STORAGE  [initandlisten] exception in initAndListen: IllegalOperation: Attempted to create a lock file on a read-only directory: /data/db, terminating
2020-12-02T10:05:21.274+0800 I NETWORK  [initandlisten] shutdown: going to close listening sockets...
2020-12-02T10:05:21.274+0800 I NETWORK  [initandlisten] removing socket file: /tmp/mongodb-27017.sock
2020-12-02T10:05:21.275+0800 I CONTROL  [initandlisten] now exiting
2020-12-02T10:05:21.275+0800 I CONTROL  [initandlisten] shutting down with code:100
